TN:
SF:src/transcriptManager.ts
FN:13,initialize
FN:17,addDemoData
FN:24,getAll
FN:32,(anonymous_3)
FN:39,addStudent
FN:47,getTranscript
FN:48,(anonymous_6)
FN:52,getStudentIDs
FN:53,(anonymous_8)
FN:54,(anonymous_9)
FN:59,deleteStudent
FN:60,(anonymous_11)
FN:67,addGrade
FN:68,(anonymous_13)
FN:82,addGradeToTranscript
FN:84,(anonymous_15)
FN:91,getGrade
FN:92,(anonymous_17)
FN:93,(anonymous_18)
FNF:19
FNH:17
FNDA:9,initialize
FNDA:0,addDemoData
FNDA:1,getAll
FNDA:8,(anonymous_3)
FNDA:8,addStudent
FNDA:1,getTranscript
FNDA:0,(anonymous_6)
FNDA:2,getStudentIDs
FNDA:6,(anonymous_8)
FNDA:3,(anonymous_9)
FNDA:2,deleteStudent
FNDA:1,(anonymous_11)
FNDA:4,addGrade
FNDA:3,(anonymous_13)
FNDA:3,addGradeToTranscript
FNDA:1,(anonymous_15)
FNDA:2,getGrade
FNDA:2,(anonymous_17)
FNDA:1,(anonymous_18)
DA:11,1
DA:13,1
DA:14,9
DA:17,1
DA:18,0
DA:19,0
DA:20,0
DA:21,0
DA:24,1
DA:25,1
DA:30,1
DA:33,8
DA:34,8
DA:39,1
DA:40,8
DA:41,8
DA:42,8
DA:43,8
DA:47,1
DA:48,1
DA:52,1
DA:53,6
DA:54,3
DA:59,1
DA:60,2
DA:61,2
DA:62,1
DA:64,1
DA:67,1
DA:68,4
DA:69,4
DA:70,1
DA:72,3
DA:73,3
DA:74,3
DA:76,1
DA:83,3
DA:84,3
DA:85,1
DA:87,2
DA:91,1
DA:92,2
DA:93,2
DA:94,2
DA:95,1
DA:98,1
LF:46
LH:42
BRDA:39,0,0,8
BRDA:61,1,0,1
BRDA:69,2,0,1
BRDA:84,3,0,1
BRDA:94,4,0,1
BRF:5
BRH:5
end_of_record
